<?xml version="1.0" encoding="UTF-8"?>
<!-- Generated by org.testng.reporters.JUnitReportReporter -->
<testsuite skipped="0" hostname="LAPTOP-QFH4B63G" name="pe.com.test.seleniumwd.LibroElimWebDriverTest" tests="1" failures="0" timestamp="08 jun 2018 19:18:06 GMT" time="11.530" errors="0">
  <testcase name="eliminarLibro" time="11.530" classname="pe.com.test.seleniumwd.LibroElimWebDriverTest"/>
</testsuite> <!-- pe.com.test.seleniumwd.LibroElimWebDriverTest -->
