<?xml version="1.0" encoding="UTF-8"?>
<!-- Generated by org.testng.reporters.JUnitReportReporter -->
<testsuite skipped="0" hostname="LAPTOP-QFH4B63G" name="pe.com.test.seleniumwd.LibroElimWebDriverTest" tests="1" failures="0" timestamp="09 jun 2018 17:16:58 GMT" time="9.255" errors="0">
  <testcase name="eliminarLibro" time="9.255" classname="pe.com.test.seleniumwd.LibroElimWebDriverTest"/>
</testsuite> <!-- pe.com.test.seleniumwd.LibroElimWebDriverTest -->
