<?xml version="1.0" encoding="UTF-8"?>
<!-- Generated by org.testng.reporters.JUnitReportReporter -->
<testsuite skipped="0" hostname="LAPTOP-QFH4B63G" name="pe.com.test.seleniumwd.AutorEditWebDriverTest" tests="1" failures="0" timestamp="09 jun 2018 17:16:58 GMT" time="13.953" errors="0">
  <testcase name="editarAutor" time="13.953" classname="pe.com.test.seleniumwd.AutorEditWebDriverTest"/>
</testsuite> <!-- pe.com.test.seleniumwd.AutorEditWebDriverTest -->
