<?xml version="1.0" encoding="UTF-8"?>
<!-- Generated by org.testng.reporters.JUnitReportReporter -->
<testsuite skipped="0" hostname="LAPTOP-QFH4B63G" name="pe.com.test.seleniumwd.AutorWebDriverTest" tests="4" failures="0" timestamp="08 jun 2018 19:18:06 GMT" time="33.355" errors="0">
  <testcase name="insertarAutores" time="7.578" classname="pe.com.test.seleniumwd.AutorWebDriverTest"/>
  <testcase name="insertarAutores" time="10.433" classname="pe.com.test.seleniumwd.AutorWebDriverTest"/>
  <testcase name="insertarAutores" time="7.609" classname="pe.com.test.seleniumwd.AutorWebDriverTest"/>
  <testcase name="insertarAutores" time="7.735" classname="pe.com.test.seleniumwd.AutorWebDriverTest"/>
</testsuite> <!-- pe.com.test.seleniumwd.AutorWebDriverTest -->
