<?xml version="1.0" encoding="UTF-8"?>
<!-- Generated by org.testng.reporters.JUnitReportReporter -->
<testsuite skipped="0" hostname="LAPTOP-QFH4B63G" name="pe.com.test.seleniumwd.AutorWebDriverTest" tests="4" failures="0" timestamp="09 jun 2018 17:16:58 GMT" time="30.954" errors="0">
  <testcase name="insertarAutores" time="7.384" classname="pe.com.test.seleniumwd.AutorWebDriverTest"/>
  <testcase name="insertarAutores" time="8.720" classname="pe.com.test.seleniumwd.AutorWebDriverTest"/>
  <testcase name="insertarAutores" time="7.425" classname="pe.com.test.seleniumwd.AutorWebDriverTest"/>
  <testcase name="insertarAutores" time="7.425" classname="pe.com.test.seleniumwd.AutorWebDriverTest"/>
</testsuite> <!-- pe.com.test.seleniumwd.AutorWebDriverTest -->
